<?xml version="1.0" encoding="UTF-8"?>
<!-- Generated by org.testng.reporters.JUnitReportReporter -->
<testsuite hostname="A2ML18833" failures="0" tests="4" name="pageObjects.ReservationPage" time="4.442" errors="0" timestamp="22 Feb 2019 18:11:28 GMT" skipped="0">
  <testcase classname="pageObjects.ReservationPage" name="reservationPageRoundwayTrip" time="2.258"/>
  <testcase classname="pageObjects.ReservationPage" name="reservationPageVerifySignIn" time="0.018"/>
  <testcase classname="pageObjects.ReservationPage" name="reservationPageVerifySignIn" time="0.016"/>
  <testcase classname="pageObjects.ReservationPage" name="reservationPageOnewayTrip" time="2.150"/>
</testsuite> <!-- pageObjects.ReservationPage -->
