<?xml version="1.0" encoding="UTF-8"?>
<!-- Generated by org.testng.reporters.JUnitReportReporter -->
<testsuite hostname="A2ML18833" failures="0" tests="3" name="pageObjects.HomePage" time="2.459" errors="0" timestamp="22 Feb 2019 18:11:28 GMT" skipped="0">
  <testcase classname="pageObjects.HomePage" name="homePageLogin" time="1.408"/>
  <testcase classname="pageObjects.HomePage" name="homePageClickOnRegister" time="0.997"/>
  <testcase classname="pageObjects.HomePage" name="homePageVerifyHomePage" time="0.054"/>
</testsuite> <!-- pageObjects.HomePage -->
