<?xml version="1.0" encoding="UTF-8"?>
<!-- Generated by org.testng.reporters.JUnitReportReporter -->
<testsuite hostname="A2ML18833" failures="0" tests="2" name="pageObjects.SignOnPage" time="4.634" errors="0" timestamp="22 Feb 2019 18:11:28 GMT" skipped="0">
  <testcase classname="pageObjects.SignOnPage" name="signOnPageSignOn" time="2.317"/>
  <testcase classname="pageObjects.SignOnPage" name="signOnPageSignOn" time="2.317"/>
</testsuite> <!-- pageObjects.SignOnPage -->
