<?xml version="1.0" encoding="UTF-8"?>
<!-- Generated by org.testng.reporters.JUnitReportReporter -->
<testsuite hostname="A2ML18833" failures="0" tests="6" name="pageObjects.PaymentPage" time="7.416" errors="0" timestamp="22 Feb 2019 18:11:28 GMT" skipped="0">
  <testcase classname="pageObjects.PaymentPage" name="paymentPageVerifySourceDestinationDateNumberOFPassengerPriceOneWay" time="0.281"/>
  <testcase classname="pageObjects.PaymentPage" name="paymentPageFillPassengerDetailCardDetailAndPay" time="3.384"/>
  <testcase classname="pageObjects.PaymentPage" name="pamentPageVerifyPaymentPage" time="0.010"/>
  <testcase classname="pageObjects.PaymentPage" name="pamentPageVerifyPaymentPage" time="0.006"/>
  <testcase classname="pageObjects.PaymentPage" name="paymentPageFillPassengerDetailCardDetailAndPay" time="3.343"/>
  <testcase classname="pageObjects.PaymentPage" name="paymentPageVerifySourceDestinationDateNumberOFPassengerPriceRoundWay" time="0.392"/>
</testsuite> <!-- pageObjects.PaymentPage -->
