<?xml version="1.0" encoding="UTF-8"?>
<!-- Generated by org.testng.reporters.JUnitReportReporter -->
<testsuite hostname="A2ML18833" failures="0" tests="6" name="pageObjects.ConfirmationPage" time="2.353" errors="0" timestamp="22 Feb 2019 18:11:28 GMT" skipped="0">
  <testcase classname="pageObjects.ConfirmationPage" name="conformationPageVerifyPage" time="0.010"/>
  <testcase classname="pageObjects.ConfirmationPage" name="conformtionPageLogOut" time="1.111"/>
  <testcase classname="pageObjects.ConfirmationPage" name="conformtionPageLogOut" time="1.068"/>
  <testcase classname="pageObjects.ConfirmationPage" name="conformationPageVerifyPage" time="0.011"/>
  <testcase classname="pageObjects.ConfirmationPage" name="conformationPagePrintTicket" time="0.078"/>
  <testcase classname="pageObjects.ConfirmationPage" name="conformationPagePrintTicket" time="0.075"/>
</testsuite> <!-- pageObjects.ConfirmationPage -->
