<?xml version="1.0" encoding="UTF-8"?>
<!-- Generated by org.testng.reporters.JUnitReportReporter -->
<testsuite hostname="A2ML18833" failures="0" tests="6" name="pageObjects.RegisterPage" time="4.848" errors="0" timestamp="22 Feb 2019 18:11:28 GMT" skipped="0">
  <testcase classname="pageObjects.RegisterPage" name="registerPageFillMailingInformation" time="0.881"/>
  <testcase classname="pageObjects.RegisterPage" name="registerPageClickOnSignInLink" time="0.764"/>
  <testcase classname="pageObjects.RegisterPage" name="registerPageFillUserInformationAndClickSubmitButton" time="2.544"/>
  <testcase classname="pageObjects.RegisterPage" name="registerPageVerifyRegistered" time="0.117"/>
  <testcase classname="pageObjects.RegisterPage" name="registerPageVerifyRegisterPage" time="0.018"/>
  <testcase classname="pageObjects.RegisterPage" name="registerPageFillContactInformation" time="0.524"/>
</testsuite> <!-- pageObjects.RegisterPage -->
