<?xml version="1.0" encoding="UTF-8"?>
<!-- Generated by org.testng.reporters.JUnitReportReporter -->
<testsuite hostname="A2ML18833" failures="0" tests="5" name="pageObjects.FlightDetailPage" time="3.216" errors="0" timestamp="22 Feb 2019 18:11:28 GMT" skipped="0">
  <testcase classname="pageObjects.FlightDetailPage" name="flightDetailPageClickOnContinue" time="1.480"/>
  <testcase classname="pageObjects.FlightDetailPage" name="flighDetailPageOneWay" time="0.098"/>
  <testcase classname="pageObjects.FlightDetailPage" name="flighDetailPageOtherWay" time="0.076"/>
  <testcase classname="pageObjects.FlightDetailPage" name="flightDetailPageClickOnContinue" time="1.497"/>
  <testcase classname="pageObjects.FlightDetailPage" name="flighDetailPageOneWay" time="0.065"/>
</testsuite> <!-- pageObjects.FlightDetailPage -->
