<?xml version="1.0" encoding="UTF-8"?>
<!-- Generated by org.testng.reporters.JUnitReportReporter -->
<testsuite hostname="A2ML18833" failures="0" tests="1" name="two.TrialAgainTest" time="0.005" errors="0" timestamp="11 Dec 2018 14:09:50 GMT" skipped="0">
  <testcase classname="two.TrialAgainTest" name="testingAgain" time="0.005"/>
</testsuite> <!-- two.TrialAgainTest -->
