<?xml version="1.0" encoding="UTF-8"?>
<!-- Generated by org.testng.reporters.JUnitReportReporter -->
<testsuite hostname="A2ML18833" failures="0" tests="2" name="one.Testing" time="2.379" errors="0" timestamp="12 Dec 2018 14:28:18 GMT" skipped="0">
  <testcase classname="one.Testing" name="login" time="1.640"/>
  <testcase classname="one.Testing" name="navigateToSignOn" time="0.739"/>
</testsuite> <!-- one.Testing -->
