<?xml version="1.0" encoding="UTF-8"?>
<testsuite xmlns:xsi="http://www.w3.org/2001/XMLSchema-instance" xsi:noNamespaceSchemaLocation="https://maven.apache.org/surefire/maven-surefire-plugin/xsd/surefire-test-report-3.0.xsd" version="3.0" name="TestSuite" time="36.543" tests="32" errors="0" skipped="0" failures="0">
  <properties>
    <property name="sun.desktop" value="windows"/>
    <property name="awt.toolkit" value="sun.awt.windows.WToolkit"/>
    <property name="java.specification.version" value="10"/>
    <property name="file.encoding.pkg" value="sun.io"/>
    <property name="sun.cpu.isalist" value="amd64"/>
    <property name="sun.jnu.encoding" value="Cp1252"/>
    <property name="java.class.path" value="C:\Users\M1027381\Desktop\selenium201Assigsment\selenium201\target\test-classes;C:\Users\M1027381\Desktop\selenium201Assigsment\selenium201\target\classes;C:\Users\M1027381\.m2\repository\org\testng\testng\6.14.3\testng-6.14.3.jar;C:\Users\M1027381\.m2\repository\com\beust\jcommander\1.72\jcommander-1.72.jar;C:\Users\M1027381\.m2\repository\org\apache-extras\beanshell\bsh\2.0b6\bsh-2.0b6.jar;C:\Users\M1027381\.m2\repository\org\seleniumhq\selenium\selenium-java\3.14.0\selenium-java-3.14.0.jar;C:\Users\M1027381\.m2\repository\org\seleniumhq\selenium\selenium-api\3.14.0\selenium-api-3.14.0.jar;C:\Users\M1027381\.m2\repository\org\seleniumhq\selenium\selenium-chrome-driver\3.14.0\selenium-chrome-driver-3.14.0.jar;C:\Users\M1027381\.m2\repository\org\seleniumhq\selenium\selenium-edge-driver\3.14.0\selenium-edge-driver-3.14.0.jar;C:\Users\M1027381\.m2\repository\org\seleniumhq\selenium\selenium-firefox-driver\3.14.0\selenium-firefox-driver-3.14.0.jar;C:\Users\M1027381\.m2\repository\org\seleniumhq\selenium\selenium-ie-driver\3.14.0\selenium-ie-driver-3.14.0.jar;C:\Users\M1027381\.m2\repository\org\seleniumhq\selenium\selenium-opera-driver\3.14.0\selenium-opera-driver-3.14.0.jar;C:\Users\M1027381\.m2\repository\org\seleniumhq\selenium\selenium-remote-driver\3.14.0\selenium-remote-driver-3.14.0.jar;C:\Users\M1027381\.m2\repository\org\seleniumhq\selenium\selenium-safari-driver\3.14.0\selenium-safari-driver-3.14.0.jar;C:\Users\M1027381\.m2\repository\org\seleniumhq\selenium\selenium-support\3.14.0\selenium-support-3.14.0.jar;C:\Users\M1027381\.m2\repository\net\bytebuddy\byte-buddy\1.8.15\byte-buddy-1.8.15.jar;C:\Users\M1027381\.m2\repository\org\apache\commons\commons-exec\1.3\commons-exec-1.3.jar;C:\Users\M1027381\.m2\repository\commons-codec\commons-codec\1.10\commons-codec-1.10.jar;C:\Users\M1027381\.m2\repository\commons-logging\commons-logging\1.2\commons-logging-1.2.jar;C:\Users\M1027381\.m2\repository\com\google\guava\guava\25.0-jre\guava-25.0-jre.jar;C:\Users\M1027381\.m2\repository\com\google\code\findbugs\jsr305\1.3.9\jsr305-1.3.9.jar;C:\Users\M1027381\.m2\repository\org\checkerframework\checker-compat-qual\2.0.0\checker-compat-qual-2.0.0.jar;C:\Users\M1027381\.m2\repository\com\google\errorprone\error_prone_annotations\2.1.3\error_prone_annotations-2.1.3.jar;C:\Users\M1027381\.m2\repository\com\google\j2objc\j2objc-annotations\1.1\j2objc-annotations-1.1.jar;C:\Users\M1027381\.m2\repository\org\codehaus\mojo\animal-sniffer-annotations\1.14\animal-sniffer-annotations-1.14.jar;C:\Users\M1027381\.m2\repository\org\apache\httpcomponents\httpclient\4.5.5\httpclient-4.5.5.jar;C:\Users\M1027381\.m2\repository\org\apache\httpcomponents\httpcore\4.4.9\httpcore-4.4.9.jar;C:\Users\M1027381\.m2\repository\com\squareup\okhttp3\okhttp\3.10.0\okhttp-3.10.0.jar;C:\Users\M1027381\.m2\repository\com\squareup\okio\okio\1.14.1\okio-1.14.1.jar;C:\Users\M1027381\.m2\repository\org\apache\logging\log4j\log4j-api\2.11.1\log4j-api-2.11.1.jar;C:\Users\M1027381\.m2\repository\org\apache\logging\log4j\log4j-core\2.11.1\log4j-core-2.11.1.jar;C:\Users\M1027381\.m2\repository\commons-io\commons-io\2.6\commons-io-2.6.jar;C:\Users\M1027381\.m2\repository\org\apache\commons\commons-email\1.5\commons-email-1.5.jar;C:\Users\M1027381\.m2\repository\com\sun\mail\javax.mail\1.5.6\javax.mail-1.5.6.jar;C:\Users\M1027381\.m2\repository\javax\activation\activation\1.1\activation-1.1.jar;"/>
    <property name="java.vm.vendor" value="&quot;Oracle Corporation&quot;"/>
    <property name="sun.arch.data.model" value="64"/>
    <property name="user.variant" value=""/>
    <property name="java.vendor.url" value="http://java.oracle.com/"/>
    <property name="user.timezone" value="Asia/Calcutta"/>
    <property name="java.vm.specification.version" value="10"/>
    <property name="os.name" value="Windows 10"/>
    <property name="sun.java.launcher" value="SUN_STANDARD"/>
    <property name="user.country" value="US"/>
    <property name="sun.boot.library.path" value="C:\Program Files\Java\jdk-10.0.1\bin"/>
    <property name="sun.java.command" value="C:\Users\M1027381\AppData\Local\Temp\surefire8400542608828476949\surefirebooter1380972844679174199.jar C:\Users\M1027381\AppData\Local\Temp\surefire8400542608828476949 2019-02-22T23-40-51_510-jvmRun1 surefire6092015183356398336tmp surefire_05105900306724920464tmp"/>
    <property name="jdk.debug" value="release"/>
    <property name="surefire.test.class.path" value="C:\Users\M1027381\Desktop\selenium201Assigsment\selenium201\target\test-classes;C:\Users\M1027381\Desktop\selenium201Assigsment\selenium201\target\classes;C:\Users\M1027381\.m2\repository\org\testng\testng\6.14.3\testng-6.14.3.jar;C:\Users\M1027381\.m2\repository\com\beust\jcommander\1.72\jcommander-1.72.jar;C:\Users\M1027381\.m2\repository\org\apache-extras\beanshell\bsh\2.0b6\bsh-2.0b6.jar;C:\Users\M1027381\.m2\repository\org\seleniumhq\selenium\selenium-java\3.14.0\selenium-java-3.14.0.jar;C:\Users\M1027381\.m2\repository\org\seleniumhq\selenium\selenium-api\3.14.0\selenium-api-3.14.0.jar;C:\Users\M1027381\.m2\repository\org\seleniumhq\selenium\selenium-chrome-driver\3.14.0\selenium-chrome-driver-3.14.0.jar;C:\Users\M1027381\.m2\repository\org\seleniumhq\selenium\selenium-edge-driver\3.14.0\selenium-edge-driver-3.14.0.jar;C:\Users\M1027381\.m2\repository\org\seleniumhq\selenium\selenium-firefox-driver\3.14.0\selenium-firefox-driver-3.14.0.jar;C:\Users\M1027381\.m2\repository\org\seleniumhq\selenium\selenium-ie-driver\3.14.0\selenium-ie-driver-3.14.0.jar;C:\Users\M1027381\.m2\repository\org\seleniumhq\selenium\selenium-opera-driver\3.14.0\selenium-opera-driver-3.14.0.jar;C:\Users\M1027381\.m2\repository\org\seleniumhq\selenium\selenium-remote-driver\3.14.0\selenium-remote-driver-3.14.0.jar;C:\Users\M1027381\.m2\repository\org\seleniumhq\selenium\selenium-safari-driver\3.14.0\selenium-safari-driver-3.14.0.jar;C:\Users\M1027381\.m2\repository\org\seleniumhq\selenium\selenium-support\3.14.0\selenium-support-3.14.0.jar;C:\Users\M1027381\.m2\repository\net\bytebuddy\byte-buddy\1.8.15\byte-buddy-1.8.15.jar;C:\Users\M1027381\.m2\repository\org\apache\commons\commons-exec\1.3\commons-exec-1.3.jar;C:\Users\M1027381\.m2\repository\commons-codec\commons-codec\1.10\commons-codec-1.10.jar;C:\Users\M1027381\.m2\repository\commons-logging\commons-logging\1.2\commons-logging-1.2.jar;C:\Users\M1027381\.m2\repository\com\google\guava\guava\25.0-jre\guava-25.0-jre.jar;C:\Users\M1027381\.m2\repository\com\google\code\findbugs\jsr305\1.3.9\jsr305-1.3.9.jar;C:\Users\M1027381\.m2\repository\org\checkerframework\checker-compat-qual\2.0.0\checker-compat-qual-2.0.0.jar;C:\Users\M1027381\.m2\repository\com\google\errorprone\error_prone_annotations\2.1.3\error_prone_annotations-2.1.3.jar;C:\Users\M1027381\.m2\repository\com\google\j2objc\j2objc-annotations\1.1\j2objc-annotations-1.1.jar;C:\Users\M1027381\.m2\repository\org\codehaus\mojo\animal-sniffer-annotations\1.14\animal-sniffer-annotations-1.14.jar;C:\Users\M1027381\.m2\repository\org\apache\httpcomponents\httpclient\4.5.5\httpclient-4.5.5.jar;C:\Users\M1027381\.m2\repository\org\apache\httpcomponents\httpcore\4.4.9\httpcore-4.4.9.jar;C:\Users\M1027381\.m2\repository\com\squareup\okhttp3\okhttp\3.10.0\okhttp-3.10.0.jar;C:\Users\M1027381\.m2\repository\com\squareup\okio\okio\1.14.1\okio-1.14.1.jar;C:\Users\M1027381\.m2\repository\org\apache\logging\log4j\log4j-api\2.11.1\log4j-api-2.11.1.jar;C:\Users\M1027381\.m2\repository\org\apache\logging\log4j\log4j-core\2.11.1\log4j-core-2.11.1.jar;C:\Users\M1027381\.m2\repository\commons-io\commons-io\2.6\commons-io-2.6.jar;C:\Users\M1027381\.m2\repository\org\apache\commons\commons-email\1.5\commons-email-1.5.jar;C:\Users\M1027381\.m2\repository\com\sun\mail\javax.mail\1.5.6\javax.mail-1.5.6.jar;C:\Users\M1027381\.m2\repository\javax\activation\activation\1.1\activation-1.1.jar;"/>
    <property name="sun.cpu.endian" value="little"/>
    <property name="user.home" value="C:\Users\M1027381"/>
    <property name="user.language" value="en"/>
    <property name="java.specification.vendor" value="Oracle Corporation"/>
    <property name="java.version.date" value="2018-04-17"/>
    <property name="java.home" value="C:\Program Files\Java\jdk-10.0.1"/>
    <property name="file.separator" value="\"/>
    <property name="basedir" value="C:\Users\M1027381\Desktop\selenium201Assigsment\selenium201"/>
    <property name="java.vm.compressedOopsMode" value="32-bit"/>
    <property name="line.separator" value="&#10;"/>
    <property name="java.specification.name" value="Java Platform API Specification"/>
    <property name="java.vm.specification.vendor" value="Oracle Corporation"/>
    <property name="java.awt.graphicsenv" value="sun.awt.Win32GraphicsEnvironment"/>
    <property name="surefire.real.class.path" value="C:\Users\M1027381\AppData\Local\Temp\surefire8400542608828476949\surefirebooter1380972844679174199.jar"/>
    <property name="user.script" value=""/>
    <property name="sun.management.compiler" value="HotSpot 64-Bit Tiered Compilers"/>
    <property name="java.runtime.version" value="10.0.1+10"/>
    <property name="user.name" value="M1027381"/>
    <property name="path.separator" value=";"/>
    <property name="os.version" value="10.0"/>
    <property name="java.runtime.name" value="Java(TM) SE Runtime Environment"/>
    <property name="file.encoding" value="Cp1252"/>
    <property name="java.vm.name" value="Java HotSpot(TM) 64-Bit Server VM"/>
    <property name="java.vendor.version" value="18.3"/>
    <property name="localRepository" value="C:\Users\M1027381\.m2\repository"/>
    <property name="java.vendor.url.bug" value="http://bugreport.java.com/bugreport/"/>
    <property name="java.io.tmpdir" value="C:\Users\M1027381\AppData\Local\Temp\"/>
    <property name="java.version" value="10.0.1"/>
    <property name="user.dir" value="C:\Users\M1027381\Desktop\selenium201Assigsment\selenium201"/>
    <property name="os.arch" value="amd64"/>
    <property name="java.vm.specification.name" value="Java Virtual Machine Specification"/>
    <property name="java.awt.printerjob" value="sun.awt.windows.WPrinterJob"/>
    <property name="sun.os.patch.level" value=""/>
    <property name="java.library.path" value="C:\Program Files\Java\jdk-10.0.1\bin;C:\WINDOWS\Sun\Java\bin;C:\WINDOWS\system32;C:\WINDOWS;C:\Program Files (x86)\Common Files\Oracle\Java\javapath;C:\Program Files\Common Files\Microsoft Shared\Microsoft Online Services;C:\Program Files (x86)\Common Files\Microsoft Shared\Microsoft Online Services;C:\WINDOWS\system32;C:\WINDOWS;C:\WINDOWS\System32\Wbem;C:\WINDOWS\System32\WindowsPowerShell\v1.0\;D:\others\Learning\selenium\apache-ant-1.9.7-bin\apache-ant-1.9.7\bin;C:\Program Files\Microsoft SQL Server\130\Tools\Binn\;C:\Program Files\Java\jdk1.8.0_92\bin;C:\Program Files\nodejs\;C:\Program Files (x86)\Microsoft SQL Server\Client SDK\ODBC\130\Tools\Binn\;C:\Program Files (x86)\Microsoft SQL Server\140\Tools\Binn\;C:\Program Files (x86)\Microsoft SQL Server\140\DTS\Binn\;C:\Program Files (x86)\Microsoft SQL Server\140\Tools\Binn\ManagementStudio\;C:\Program Files (x86)\Microsoft SQL Server\130\Tools\Binn\;C:\Program Files (x86)\Microsoft SQL Server\130\DTS\Binn\;C:\Program Files (x86)\Microsoft SQL Server\130\Tools\Binn\ManagementStudio\;C:\Program Files\TortoiseSVN\bin;C:\Program Files\Java\jdk-10.0.1\bin;C:\Users\M1027381\AppData\Local\Programs\Python\Python37-32\Scripts\;C:\Users\M1027381\AppData\Local\Programs\Python\Python37-32\;C:\Users\M1027381\AppData\Roaming\npm;C:\Program Files\Microsoft VS Code\bin;D:\selenium\apache-maven-3.6.0\bin;%USERPROFILE%\AppData\Local\Microsoft\WindowsApps;;."/>
    <property name="java.vendor" value="Oracle Corporation"/>
    <property name="java.vm.info" value="mixed mode"/>
    <property name="java.vm.version" value="10.0.1+10"/>
    <property name="sun.io.unicode.encoding" value="UnicodeLittle"/>
    <property name="java.class.version" value="54.0"/>
  </properties>
  <testcase name="homePageLogin" classname="pageObjects.HomePage" time="1.406"/>
  <testcase name="homePageVerifyHomePage" classname="pageObjects.HomePage" time="0.053"/>
  <testcase name="homePageClickOnRegister" classname="pageObjects.HomePage" time="0.998"/>
  <testcase name="registerPageVerifyRegisterPage" classname="pageObjects.RegisterPage" time="0.018"/>
  <testcase name="registerPageFillContactInformation" classname="pageObjects.RegisterPage" time="0.525"/>
  <testcase name="registerPageFillMailingInformation" classname="pageObjects.RegisterPage" time="0.881"/>
  <testcase name="registerPageFillUserInformationAndClickSubmitButton" classname="pageObjects.RegisterPage" time="2.544"/>
  <testcase name="registerPageVerifyRegistered" classname="pageObjects.RegisterPage" time="0.117"/>
  <testcase name="registerPageClickOnSignInLink" classname="pageObjects.RegisterPage" time="0.764"/>
  <testcase name="signOnPageSignOn" classname="pageObjects.SignOnPage" time="2.319"/>
  <testcase name="signOnPageSignOn" classname="pageObjects.SignOnPage" time="2.317"/>
  <testcase name="reservationPageVerifySignIn" classname="pageObjects.ReservationPage" time="0.016"/>
  <testcase name="reservationPageVerifySignIn" classname="pageObjects.ReservationPage" time="0.017"/>
  <testcase name="reservationPageOnewayTrip" classname="pageObjects.ReservationPage" time="2.15"/>
  <testcase name="flighDetailPageOneWay" classname="pageObjects.FlightDetailPage" time="0.095"/>
  <testcase name="flighDetailPageOneWay" classname="pageObjects.FlightDetailPage" time="0.065"/>
  <testcase name="flightDetailPageClickOnContinue" classname="pageObjects.FlightDetailPage" time="1.497"/>
  <testcase name="flightDetailPageClickOnContinue" classname="pageObjects.FlightDetailPage" time="1.479"/>
  <testcase name="pamentPageVerifyPaymentPage" classname="pageObjects.PaymentPage" time="0.009"/>
  <testcase name="pamentPageVerifyPaymentPage" classname="pageObjects.PaymentPage" time="0.007"/>
  <testcase name="paymentPageVerifySourceDestinationDateNumberOFPassengerPriceOneWay" classname="pageObjects.PaymentPage" time="0.281"/>
  <testcase name="paymentPageFillPassengerDetailCardDetailAndPay" classname="pageObjects.PaymentPage" time="3.344"/>
  <testcase name="paymentPageFillPassengerDetailCardDetailAndPay" classname="pageObjects.PaymentPage" time="3.384"/>
  <testcase name="conformationPageVerifyPage" classname="pageObjects.ConfirmationPage" time="0.011"/>
  <testcase name="conformationPageVerifyPage" classname="pageObjects.ConfirmationPage" time="0.01"/>
  <testcase name="conformationPagePrintTicket" classname="pageObjects.ConfirmationPage" time="0.075"/>
  <testcase name="conformationPagePrintTicket" classname="pageObjects.ConfirmationPage" time="0.078"/>
  <testcase name="conformtionPageLogOut" classname="pageObjects.ConfirmationPage" time="1.117"/>
  <testcase name="conformtionPageLogOut" classname="pageObjects.ConfirmationPage" time="1.067"/>
  <testcase name="reservationPageRoundwayTrip" classname="pageObjects.ReservationPage" time="2.258"/>
  <testcase name="flighDetailPageOtherWay" classname="pageObjects.FlightDetailPage" time="0.077"/>
  <testcase name="paymentPageVerifySourceDestinationDateNumberOFPassengerPriceRoundWay" classname="pageObjects.PaymentPage" time="0.391"/>
</testsuite>